-------------------------------------------------------------------------------
Test set: com.sportclub.sportClub.SportClubApplicationTests
-------------------------------------------------------------------------------
Tests run: 1, Failures: 0, Errors: 1, Skipped: 0, Time elapsed: 7.472 s <<< FAILURE! - in com.sportclub.sportClub.SportClubApplicationTests
contextLoads(com.sportclub.sportClub.SportClubApplicationTests)  Time elapsed: 0.002 s  <<< ERROR!
java.lang.IllegalStateException: Failed to load ApplicationContext
Caused by: org.springframework.beans.factory.BeanCreationException: Error creating bean with name 'entityManagerFactory' defined in class path resource [org/springframework/boot/autoconfigure/orm/jpa/HibernateJpaConfiguration.class]: Invocation of init method failed; nested exception is org.hibernate.AnnotationException: Unknown mappedBy in: com.sportclub.sportClub.model.Runner.club, referenced property unknown: com.sportclub.sportClub.model.Club.club
Caused by: org.hibernate.AnnotationException: Unknown mappedBy in: com.sportclub.sportClub.model.Runner.club, referenced property unknown: com.sportclub.sportClub.model.Club.club

